2015-07-21 14:39:01,284 http-bio-2990-exec-3 anonymous 879x2x1 - 0:0:0:0:0:0:0:1 /secure/SetupMode!default.jspa HttpSession created [1mqe4z6]
2015-07-21 15:05:07,732 http-bio-2990-exec-2   -   HttpSession created [4reuug]
2015-07-21 16:21:12,238 http-bio-2990-exec-4 anonymous 981x2x1 - 192.168.123.146 /secure/SetupMode!default.jspa HttpSession created [1uident]
2015-07-22 18:29:56,104 http-bio-2990-exec-4 anonymous 1109x2x1 - 192.168.123.146 /secure/SetupMode!default.jspa HttpSession created [5x8llp]
2015-07-22 18:30:55,057 http-bio-2990-exec-8 anonymous 1110x142x1 5x8llp 192.168.123.146 /secure/SetupDatabase.jspa JIRA 6.4.4 build: 64019 started. You can now access JIRA through your web browser.
2015-07-22 18:37:36,215 localhost-startStop-1      JIRA 6.4.4 build: 64019 started. You can now access JIRA through your web browser.
2015-07-23 09:48:01,840 localhost-startStop-1      JIRA 6.4.4 build: 64019 started. You can now access JIRA through your web browser.
2015-07-23 11:19:35,762 localhost-startStop-1      JIRA 6.4.4 build: 64019 started. You can now access JIRA through your web browser.
2015-07-23 11:44:11,805 localhost-startStop-1      JIRA 6.4.4 build: 64019 started. You can now access JIRA through your web browser.
2015-07-23 12:00:32,305 localhost-startStop-1      JIRA 6.4.4 build: 64019 started. You can now access JIRA through your web browser.
2015-07-23 12:17:38,250 localhost-startStop-1      JIRA 6.4.4 build: 64019 started. You can now access JIRA through your web browser.
2015-07-23 12:25:52,190 localhost-startStop-1      JIRA 6.4.4 build: 64019 started. You can now access JIRA through your web browser.
2015-07-23 12:53:28,786 localhost-startStop-1      JIRA 6.4.4 build: 64019 started. You can now access JIRA through your web browser.
2015-07-23 15:45:42,021 localhost-startStop-1      JIRA 6.4.4 build: 64019 started. You can now access JIRA through your web browser.
2015-07-24 11:23:12,616 localhost-startStop-1      JIRA 6.4.4 build: 64019 started. You can now access JIRA through your web browser.
2015-07-24 11:29:08,273 localhost-startStop-1      JIRA 6.4.4 build: 64019 started. You can now access JIRA through your web browser.
2015-07-24 15:32:42,184 localhost-startStop-1      JIRA 6.4.4 build: 64019 started. You can now access JIRA through your web browser.
2015-07-24 17:21:15,560 localhost-startStop-1      JIRA 6.4.4 build: 64019 started. You can now access JIRA through your web browser.
2015-07-24 17:39:44,679 localhost-startStop-1      JIRA 6.4.4 build: 64019 started. You can now access JIRA through your web browser.
2015-07-27 09:38:20,800 localhost-startStop-1      JIRA 6.4.4 build: 64019 started. You can now access JIRA through your web browser.
2015-07-27 09:58:04,270 localhost-startStop-1      JIRA 6.4.4 build: 64019 started. You can now access JIRA through your web browser.
2015-07-27 10:11:45,302 localhost-startStop-1      JIRA 6.4.4 build: 64019 started. You can now access JIRA through your web browser.
2015-07-27 10:21:50,773 localhost-startStop-1      JIRA 6.4.4 build: 64019 started. You can now access JIRA through your web browser.
2015-07-27 10:23:52,767 localhost-startStop-1      JIRA 6.4.4 build: 64019 started. You can now access JIRA through your web browser.
2015-07-27 10:36:23,489 localhost-startStop-1      JIRA 6.4.4 build: 64019 started. You can now access JIRA through your web browser.
2015-07-27 10:42:39,571 localhost-startStop-1      JIRA 6.4.4 build: 64019 started. You can now access JIRA through your web browser.
2015-07-27 11:18:27,503 localhost-startStop-1      JIRA 6.4.4 build: 64019 started. You can now access JIRA through your web browser.
2015-07-27 11:24:17,760 localhost-startStop-1      JIRA 6.4.4 build: 64019 started. You can now access JIRA through your web browser.
2015-07-27 11:28:56,649 localhost-startStop-1      JIRA 6.4.4 build: 64019 started. You can now access JIRA through your web browser.
2015-07-27 11:55:32,946 localhost-startStop-1      JIRA 6.4.4 build: 64019 started. You can now access JIRA through your web browser.
2015-07-27 12:34:33,856 localhost-startStop-1      JIRA 6.4.4 build: 64019 started. You can now access JIRA through your web browser.
2015-07-27 15:00:24,142 localhost-startStop-1      JIRA 6.4.4 build: 64019 started. You can now access JIRA through your web browser.
2015-07-27 15:21:18,083 localhost-startStop-1      JIRA 6.4.4 build: 64019 started. You can now access JIRA through your web browser.
2015-07-27 15:29:08,623 localhost-startStop-1      JIRA 6.4.4 build: 64019 started. You can now access JIRA through your web browser.
2015-07-27 15:39:27,235 localhost-startStop-1      JIRA 6.4.4 build: 64019 started. You can now access JIRA through your web browser.
2015-07-27 15:59:08,854 localhost-startStop-1      JIRA 6.4.4 build: 64019 started. You can now access JIRA through your web browser.
2015-07-27 16:06:04,755 localhost-startStop-1      JIRA 6.4.4 build: 64019 started. You can now access JIRA through your web browser.
2015-07-27 16:14:51,459 localhost-startStop-1      JIRA 6.4.4 build: 64019 started. You can now access JIRA through your web browser.
2015-07-27 16:17:26,780 localhost-startStop-1      JIRA 6.4.4 build: 64019 started. You can now access JIRA through your web browser.
2015-07-27 16:22:35,910 localhost-startStop-1      JIRA 6.4.4 build: 64019 started. You can now access JIRA through your web browser.
2015-07-27 16:35:00,346 localhost-startStop-1      JIRA 6.4.4 build: 64019 started. You can now access JIRA through your web browser.
2015-07-27 16:44:11,509 localhost-startStop-1      JIRA 6.4.4 build: 64019 started. You can now access JIRA through your web browser.
2015-07-27 17:00:55,483 localhost-startStop-1      JIRA 6.4.4 build: 64019 started. You can now access JIRA through your web browser.
2015-07-27 17:09:13,514 localhost-startStop-1      JIRA 6.4.4 build: 64019 started. You can now access JIRA through your web browser.
2015-07-27 17:16:14,780 localhost-startStop-1      JIRA 6.4.4 build: 64019 started. You can now access JIRA through your web browser.
2015-07-28 09:53:02,574 localhost-startStop-1      JIRA 6.4.4 build: 64019 started. You can now access JIRA through your web browser.
2015-07-28 10:52:51,667 localhost-startStop-1      JIRA 6.4.4 build: 64019 started. You can now access JIRA through your web browser.
